#
# There is insufficient memory for the Java Runtime Environment to continue.
# Native memory allocation (mmap) failed to map 132120576 bytes for G1 virtual space
# Possible reasons:
#   The system is out of physical RAM or swap space
#   The process is running with CompressedOops enabled, and the Java Heap may be blocking the growth of the native heap
# Possible solutions:
#   Reduce memory load on the system
#   Increase physical memory or swap space
#   Check if swap backing store is full
#   Decrease Java heap size (-Xmx/-Xms)
#   Decrease number of Java threads
#   Decrease Java thread stack sizes (-Xss)
#   Set larger code cache with -XX:ReservedCodeCacheSize=
#   JVM is running with Unscaled Compressed Oops mode in which the Java heap is
#     placed in the first 4GB address space. The Java Heap base address is the
#     maximum limit for the native heap growth. Please use -XX:HeapBaseMinAddress
#     to set the Java Heap base and to place the Java Heap above 4GB virtual address.
# This output file may be truncated or incomplete.
#
#  Out of Memory Error (os_windows.cpp:3769), pid=9612, tid=3172
#
# JRE version:  (17.0.6) (build )
# Java VM: OpenJDK 64-Bit Server VM (17.0.6+0-b2043.56-9586694, mixed mode, sharing, tiered, compressed oops, compressed class ptrs, g1 gc, windows-amd64)
# No core dump will be written. Minidumps are not enabled by default on client versions of Windows
#

---------------  S U M M A R Y ------------

Command Line: git4idea.http.GitAskPassApp Username for 'https://github.com': 

Host: Intel(R) Pentium(R) Silver N5000 CPU @ 1.10GHz, 2 cores, 7G,  Windows 10 , 64 bit Build 19041 (10.0.19041.2788)
Time: Wed May 10 01:52:13 2023 Hora est. Pacífico, Sudamérica elapsed time: 0.623639 seconds (0d 0h 0m 0s)

---------------  T H R E A D  ---------------

Current thread (0x00000202e80798b0):  JavaThread "Unknown thread" [_thread_in_vm, id=3172, stack(0x00000026f0600000,0x00000026f0700000)]

Stack: [0x00000026f0600000,0x00000026f0700000]
Native frames: (J=compiled Java code, j=interpreted, Vv=VM code, C=native code)
V  [jvm.dll+0x683b4a]
V  [jvm.dll+0x842654]
V  [jvm.dll+0x843dfe]
V  [jvm.dll+0x844463]
V  [jvm.dll+0x249b75]
V  [jvm.dll+0x680a19]
V  [jvm.dll+0x674f0a]
V  [jvm.dll+0x309acb]
V  [jvm.dll+0x310f86]
V  [jvm.dll+0x3608ee]
V  [jvm.dll+0x360b1f]
V  [jvm.dll+0x2dfbf8]
V  [jvm.dll+0x2e0b64]
V  [jvm.dll+0x813f41]
V  [jvm.dll+0x36e6a1]
V  [jvm.dll+0x7f347c]
V  [jvm.dll+0x3f0e8f]
V  [jvm.dll+0x3f29d1]
C  [jli.dll+0x526b]
C  [ucrtbase.dll+0x21bb2]
C  [KERNEL32.DLL+0x17604]
C  [ntdll.dll+0x526a1]


---------------  P R O C E S S  ---------------

Threads class SMR info:
_java_thread_list=0x00007ff89f8ec058, length=0, elements={
}

Java Threads: ( => current thread )

Other Threads:
  0x00000202e80d24a0 GCTaskThread "GC Thread#0" [stack: 0x00000026f0700000,0x00000026f0800000] [id=5144]
  0x00000202e80e2e60 ConcurrentGCThread "G1 Main Marker" [stack: 0x00000026f0800000,0x00000026f0900000] [id=2332]
  0x00000202e80e4010 ConcurrentGCThread "G1 Conc#0" [stack: 0x00000026f0900000,0x00000026f0a00000] [id=856]

[error occurred during error reporting (printing all threads), id 0xc0000005, EXCEPTION_ACCESS_VIOLATION (0xc0000005) at pc=0x00007ff89f0a0797]

VM state: not at safepoint (not fully initialized)

VM Mutex/Monitor currently owned by a thread:  ([mutex/lock_event])
[0x00000202e80758f0] Heap_lock - owner thread: 0x00000202e80798b0

Heap address: 0x0000000082c00000, size: 2004 MB, Compressed Oops mode: 32-bit

CDS archive(s) mapped at: [0x0000000000000000-0x0000000000000000-0x0000000000000000), size 0, SharedBaseAddress: 0x0000000800000000, ArchiveRelocationMode: 0.
Narrow klass base: 0x0000000000000000, Narrow klass shift: 0, Narrow klass range: 0x0

GC Precious Log:
<Empty>

Heap:
 garbage-first heap   total 0K, used 0K [0x0000000082c00000, 0x0000000100000000)
  region size 1024K, 0 young (0K), 0 survivors (0K)

[error occurred during error reporting (printing heap information), id 0xc0000005, EXCEPTION_ACCESS_VIOLATION (0xc0000005) at pc=0x00007ff89f48d939]

GC Heap History (0 events):
No events

Dll operation events (1 events):
Event: 0.014 Loaded shared library C:\Program Files\Android\Android Studio2\jbr\bin\java.dll

Deoptimization events (0 events):
No events

Classes unloaded (0 events):
No events

Classes redefined (0 events):
No events

Internal exceptions (0 events):
No events

VM Operations (0 events):
No events

Events (0 events):
No events


Dynamic libraries:
0x00007ff7d90a0000 - 0x00007ff7d90aa000 	C:\Program Files\Android\Android Studio2\jbr\bin\java.exe
0x00007ff8e8e50000 - 0x00007ff8e9048000 	C:\Windows\SYSTEM32\ntdll.dll
0x00007ff8e7860000 - 0x00007ff8e791f000 	C:\Windows\System32\KERNEL32.DLL
0x00007ff8e66c0000 - 0x00007ff8e699a000 	C:\Windows\System32\KERNELBASE.dll
0x00007ff8e6a60000 - 0x00007ff8e6b60000 	C:\Windows\System32\ucrtbase.dll
0x00007ff8dac40000 - 0x00007ff8dac5b000 	C:\Program Files\Android\Android Studio2\jbr\bin\VCRUNTIME140.dll
0x00007ff8dd6c0000 - 0x00007ff8dd6d7000 	C:\Program Files\Android\Android Studio2\jbr\bin\jli.dll
0x00007ff8e7d60000 - 0x00007ff8e7efd000 	C:\Windows\System32\USER32.dll
0x00007ff8e69a0000 - 0x00007ff8e69c2000 	C:\Windows\System32\win32u.dll
0x00007ff8e6eb0000 - 0x00007ff8e6edb000 	C:\Windows\System32\GDI32.dll
0x00007ff8c9c50000 - 0x00007ff8c9eea000 	C:\Windows\WinSxS\amd64_microsoft.windows.common-controls_6595b64144ccf1df_6.0.19041.1110_none_60b5254171f9507e\COMCTL32.dll
0x00007ff8e6c30000 - 0x00007ff8e6d40000 	C:\Windows\System32\gdi32full.dll
0x00007ff8e7f00000 - 0x00007ff8e7f9e000 	C:\Windows\System32\msvcrt.dll
0x00007ff8e6b90000 - 0x00007ff8e6c2d000 	C:\Windows\System32\msvcp_win.dll
0x00007ff8e83b0000 - 0x00007ff8e83e0000 	C:\Windows\System32\IMM32.DLL
0x00007ff8dfa20000 - 0x00007ff8dfa2c000 	C:\Program Files\Android\Android Studio2\jbr\bin\vcruntime140_1.dll
0x00007ff8bc7a0000 - 0x00007ff8bc82d000 	C:\Program Files\Android\Android Studio2\jbr\bin\msvcp140.dll
0x00007ff89edb0000 - 0x00007ff89fa1d000 	C:\Program Files\Android\Android Studio2\jbr\bin\server\jvm.dll
0x00007ff8e6f00000 - 0x00007ff8e6fae000 	C:\Windows\System32\ADVAPI32.dll
0x00007ff8e6fb0000 - 0x00007ff8e704c000 	C:\Windows\System32\sechost.dll
0x00007ff8e8850000 - 0x00007ff8e8976000 	C:\Windows\System32\RPCRT4.dll
0x00007ff8e1930000 - 0x00007ff8e1939000 	C:\Windows\SYSTEM32\WSOCK32.dll
0x00007ff8e7b60000 - 0x00007ff8e7bcb000 	C:\Windows\System32\WS2_32.dll
0x00007ff8c99b0000 - 0x00007ff8c99d7000 	C:\Windows\SYSTEM32\WINMM.dll
0x00007ff8ddc40000 - 0x00007ff8ddc4a000 	C:\Windows\SYSTEM32\VERSION.dll
0x00007ff8e45c0000 - 0x00007ff8e45d2000 	C:\Windows\SYSTEM32\kernel.appcore.dll
0x00007ff8db440000 - 0x00007ff8db44a000 	C:\Program Files\Android\Android Studio2\jbr\bin\jimage.dll
0x00007ff8e4190000 - 0x00007ff8e4374000 	C:\Windows\SYSTEM32\DBGHELP.DLL
0x00007ff8ce500000 - 0x00007ff8ce534000 	C:\Windows\SYSTEM32\dbgcore.DLL
0x00007ff8e69d0000 - 0x00007ff8e6a52000 	C:\Windows\System32\bcryptPrimitives.dll
0x00007ff8bfd40000 - 0x00007ff8bfd65000 	C:\Program Files\Android\Android Studio2\jbr\bin\java.dll

dbghelp: loaded successfully - version: 4.0.5 - missing functions: none
symbol engine: initialized successfully - sym options: 0x614 - pdb path: .;C:\Program Files\Android\Android Studio2\jbr\bin;C:\Windows\SYSTEM32;C:\Windows\WinSxS\amd64_microsoft.windows.common-controls_6595b64144ccf1df_6.0.19041.1110_none_60b5254171f9507e;C:\Program Files\Android\Android Studio2\jbr\bin\server

VM Arguments:
java_command: git4idea.http.GitAskPassApp Username for 'https://github.com': 
java_class_path (initial): C:/Program Files/Android/Android Studio2/plugins/git4idea/lib/git4idea-rt.jar;C:/Program Files/Android/Android Studio2/lib/externalProcess-rt.jar;C:/Program Files/Android/Android Studio2/lib/app.jar;C:/Program Files/Android/Android Studio2/lib/3rd-party-rt.jar
Launcher Type: SUN_STANDARD

[Global flags]
     intx CICompilerCount                          = 2                                         {product} {ergonomic}
     uint ConcGCThreads                            = 1                                         {product} {ergonomic}
     uint G1ConcRefinementThreads                  = 2                                         {product} {ergonomic}
   size_t G1HeapRegionSize                         = 1048576                                   {product} {ergonomic}
    uintx GCDrainStackTargetSize                   = 64                                        {product} {ergonomic}
   size_t InitialHeapSize                          = 132120576                                 {product} {ergonomic}
   size_t MarkStackSize                            = 4194304                                   {product} {ergonomic}
   size_t MaxHeapSize                              = 2101346304                                {product} {ergonomic}
   size_t MinHeapDeltaBytes                        = 1048576                                   {product} {ergonomic}
   size_t MinHeapSize                              = 8388608                                   {product} {ergonomic}
    uintx NonNMethodCodeHeapSize                   = 5826188                                {pd product} {ergonomic}
    uintx NonProfiledCodeHeapSize                  = 122916026                              {pd product} {ergonomic}
    uintx ProfiledCodeHeapSize                     = 122916026                              {pd product} {ergonomic}
    uintx ReservedCodeCacheSize                    = 251658240                              {pd product} {ergonomic}
     bool SegmentedCodeCache                       = true                                      {product} {ergonomic}
   size_t SoftMaxHeapSize                          = 2101346304                             {manageable} {ergonomic}
     bool UseCompressedClassPointers               = true                           {product lp64_product} {ergonomic}
     bool UseCompressedOops                        = true                           {product lp64_product} {ergonomic}
     bool UseG1GC                                  = true                                      {product} {ergonomic}
     bool UseLargePagesIndividualAllocation        = false                                  {pd product} {ergonomic}

Logging:
Log output configuration:
 #0: stdout all=warning uptime,level,tags
 #1: stderr all=off uptime,level,tags

Environment Variables:
PATH=C:/Program Files/Git/mingw64/libexec/git-core;C:/Program Files/Git/mingw64/libexec/git-core;C:\Program Files\Git\mingw64\bin;C:\Program Files\Git\usr\bin;C:\Users\user\bin;C:\Program Files (x86)\Common Files\Oracle\Java\javapath;C:\Windows\system32;C:\Windows;C:\Windows\System32\Wbem;C:\Windows\System32\WindowsPowerShell\v1.0\;C:\Windows\System32\OpenSSH\;C:\Program Files\Git\cmd;C:\Program Files\nodejs\;C:\Users\user\AppData\Local\Microsoft\WindowsApps;C:\Users\user\AppData\Local\Programs\Microsoft VS Code\bin;C:\Users\user\AppData\Roaming\npm;C:\Users\user\AppData\Local\GitHubDesktop\bin
USERNAME=user
DISPLAY=:0.0
LC_ALL=en_US.UTF-8
TERM=xterm-256color
TMPDIR=C:\Users\user\AppData\Local\Temp
OS=Windows_NT
PROCESSOR_IDENTIFIER=Intel64 Family 6 Model 122 Stepping 1, GenuineIntel
TMP=C:\Users\user\AppData\Local\Temp
TEMP=C:\Users\user\AppData\Local\Temp



---------------  S Y S T E M  ---------------

OS:
 Windows 10 , 64 bit Build 19041 (10.0.19041.2788)
OS uptime: 0 days 13:41 hours
Hyper-V role detected

CPU: total 2 (initial active 2) (4 cores per cpu, 1 threads per core) family 6 model 122 stepping 1 microcode 0x34, cx8, cmov, fxsr, mmx, 3dnowpref, sse, sse2, sse3, ssse3, sse4.1, sse4.2, popcnt, tsc, tscinvbit, aes, erms, clmul, sha, clflush, clflushopt, hv

Memory: 4k page, system-wide physical 8014M (476M free)
TotalPageFile size 9418M (AvailPageFile size 94M)
current process WorkingSet (physical memory assigned to process): 10M, peak: 10M
current process commit charge ("private bytes"): 47M, peak: 173M

vm_info: OpenJDK 64-Bit Server VM (17.0.6+0-b2043.56-9586694) for windows-amd64 JRE (17.0.6+0-b2043.56-9586694), built on Feb  9 2023 20:06:20 by "androidbuild" with MS VC++ 16.10 / 16.11 (VS2019)

END.
